[debug] [2025-12-22T19:17:25.464Z] ----------------------------------------------------------------------
[debug] [2025-12-22T19:17:25.465Z] Command:       /usr/local/bin/node /Users/lancecummins/.npm-global/bin/firebase init
[debug] [2025-12-22T19:17:25.465Z] CLI Version:   14.12.1
[debug] [2025-12-22T19:17:25.466Z] Platform:      darwin
[debug] [2025-12-22T19:17:25.466Z] Node Version:  v22.16.0
[debug] [2025-12-22T19:17:25.466Z] Time:          Mon Dec 22 2025 14:17:25 GMT-0500 (Eastern Standard Time)
[debug] [2025-12-22T19:17:25.466Z] ----------------------------------------------------------------------
[debug] 
[debug] [2025-12-22T19:17:25.560Z] > command requires scopes: ["email","openid","https://www.googleapis.com/auth/cloudplatformprojects.readonly","https://www.googleapis.com/auth/firebase","https://www.googleapis.com/auth/cloud-platform"]
[debug] [2025-12-22T19:17:25.560Z] > authorizing via signed-in user (lance@nectafy.com)
[info] 
     ######## #### ########  ######## ########     ###     ######  ########
     ##        ##  ##     ## ##       ##     ##  ##   ##  ##       ##
     ######    ##  ########  ######   ########  #########  ######  ######
     ##        ##  ##    ##  ##       ##     ## ##     ##       ## ##
     ##       #### ##     ## ######## ########  ##     ##  ######  ########

You're about to initialize a Firebase project in this directory:

  /Users/lancecummins/Coding/BNI/bni-tracker

Before we get started, keep in mind:

  * You are initializing within an existing Firebase project directory

[debug] [2025-12-22T19:18:30.495Z] ExitPromptError: User force closed the prompt with SIGINT
    at Interface.sigint (/Users/lancecummins/.npm-global/lib/node_modules/firebase-tools/node_modules/@inquirer/core/dist/commonjs/lib/create-prompt.js:101:37)
    at Interface.emit (node:events:518:28)
    at Interface.emit (node:domain:489:12)
    at [_ttyWrite] [as _ttyWrite] (node:internal/readline/interface:1128:18)
    at ReadStream.onkeypress (node:internal/readline/interface:267:20)
    at ReadStream.emit (node:events:530:35)
    at ReadStream.emit (node:domain:489:12)
    at emitKeys (node:internal/readline/utils:370:14)
    at emitKeys.next (<anonymous>)
    at ReadStream.onData (node:internal/readline/emitKeypressEvents:64:36)
[error] 
[error] Error: An unexpected error has occurred.
